<?xml version="1.0" encoding="UTF-8"?>
<coverage generated="1775322945239" clover="3.2.0">
  <project timestamp="1775322945239" name="All files">
    <metrics statements="55" coveredstatements="33" conditionals="42" coveredconditionals="16" methods="19" coveredmethods="8" elements="116" coveredelements="57" complexity="0" loc="55" ncloc="55" packages="4" files="6" classes="6"/>
    <package name="config">
      <metrics statements="17" coveredstatements="10" conditionals="18" coveredconditionals="6" methods="11" coveredmethods="4"/>
      <file name="api.ts" path="/Users/anurag/gschauhan/grabvocab-ui/src/config/api.ts">
        <metrics statements="17" coveredstatements="10" conditionals="18" coveredconditionals="6" methods="11" coveredmethods="4"/>
        <line num="1" count="1" type="stmt"/>
        <line num="31" count="6" type="stmt"/>
        <line num="39" count="6" type="stmt"/>
        <line num="41" count="6" type="cond" truecount="2" falsecount="0"/>
        <line num="42" count="1" type="cond" truecount="1" falsecount="2"/>
        <line num="45" count="5" type="stmt"/>
        <line num="54" count="1" type="stmt"/>
        <line num="60" count="4" type="stmt"/>
        <line num="69" count="1" type="stmt"/>
        <line num="80" count="0" type="stmt"/>
        <line num="84" count="0" type="stmt"/>
        <line num="88" count="0" type="stmt"/>
        <line num="92" count="0" type="stmt"/>
        <line num="96" count="1" type="stmt"/>
        <line num="101" count="0" type="stmt"/>
        <line num="106" count="0" type="stmt"/>
        <line num="111" count="0" type="stmt"/>
      </file>
    </package>
    <package name="data">
      <metrics statements="5" coveredstatements="0" conditionals="0" coveredconditionals="0" methods="1" coveredmethods="0"/>
      <file name="sampleWords.ts" path="/Users/anurag/gschauhan/grabvocab-ui/src/data/sampleWords.ts">
        <metrics statements="5" coveredstatements="0" conditionals="0" coveredconditionals="0" methods="1" coveredmethods="0"/>
        <line num="20" count="0" type="stmt"/>
        <line num="33" count="0" type="stmt"/>
        <line num="38" count="0" type="stmt"/>
        <line num="59" count="0" type="stmt"/>
        <line num="296" count="0" type="stmt"/>
      </file>
    </package>
    <package name="styles">
      <metrics statements="2" coveredstatements="0" conditionals="0" coveredconditionals="0" methods="0" coveredmethods="0"/>
      <file name="appStyles.ts" path="/Users/anurag/gschauhan/grabvocab-ui/src/styles/appStyles.ts">
        <metrics statements="2" coveredstatements="0" conditionals="0" coveredconditionals="0" methods="0" coveredmethods="0"/>
        <line num="1" count="0" type="stmt"/>
        <line num="3" count="0" type="stmt"/>
      </file>
    </package>
    <package name="utils">
      <metrics statements="31" coveredstatements="23" conditionals="24" coveredconditionals="10" methods="7" coveredmethods="4"/>
      <file name="envConfig.ts" path="/Users/anurag/gschauhan/grabvocab-ui/src/utils/envConfig.ts">
        <metrics statements="11" coveredstatements="11" conditionals="14" coveredconditionals="7" methods="3" coveredmethods="2"/>
        <line num="6" count="1" type="stmt"/>
        <line num="7" count="2" type="stmt"/>
        <line num="9" count="2" type="stmt"/>
        <line num="10" count="2" type="stmt"/>
        <line num="11" count="2" type="cond" truecount="4" falsecount="0"/>
        <line num="12" count="1" type="stmt"/>
        <line num="16" count="2" type="cond" truecount="2" falsecount="0"/>
        <line num="17" count="1" type="stmt"/>
        <line num="26" count="1" type="stmt"/>
        <line num="27" count="1" type="stmt"/>
        <line num="37" count="1" type="stmt"/>
      </file>
      <file name="errorHandler.ts" path="/Users/anurag/gschauhan/grabvocab-ui/src/utils/errorHandler.ts">
        <metrics statements="18" coveredstatements="12" conditionals="8" coveredconditionals="3" methods="3" coveredmethods="2"/>
        <line num="4" count="1" type="stmt"/>
        <line num="6" count="3" type="stmt"/>
        <line num="8" count="3" type="stmt"/>
        <line num="10" count="3" type="stmt"/>
        <line num="11" count="3" type="stmt"/>
        <line num="21" count="1" type="stmt"/>
        <line num="22" count="2" type="cond" truecount="2" falsecount="0"/>
        <line num="23" count="1" type="stmt"/>
        <line num="26" count="1" type="cond" truecount="1" falsecount="1"/>
        <line num="27" count="1" type="stmt"/>
        <line num="28" count="1" type="stmt"/>
        <line num="31" count="0" type="stmt"/>
        <line num="32" count="0" type="stmt"/>
        <line num="41" count="1" type="stmt"/>
        <line num="42" count="0" type="cond" truecount="0" falsecount="2"/>
        <line num="43" count="0" type="cond" truecount="0" falsecount="2"/>
        <line num="44" count="0" type="stmt"/>
        <line num="46" count="0" type="stmt"/>
      </file>
      <file name="formatDate.ts" path="/Users/anurag/gschauhan/grabvocab-ui/src/utils/formatDate.ts">
        <metrics statements="2" coveredstatements="0" conditionals="2" coveredconditionals="0" methods="1" coveredmethods="0"/>
        <line num="1" count="0" type="stmt"/>
        <line num="2" count="0" type="cond" truecount="0" falsecount="2"/>
      </file>
    </package>
  </project>
</coverage>
