{"/Users/anurag/gschauhan/grabvocab-ui/src/config/api.ts": {"path":"/Users/anurag/gschauhan/grabvocab-ui/src/config/api.ts","statementMap":{"0":{"start":{"line":1,"column":13},"end":{"line":2,"column":94}},"1":{"start":{"line":31,"column":19},"end":{"line":37,"column":4}},"2":{"start":{"line":39,"column":15},"end":{"line":39,"column":36}},"3":{"start":{"line":41,"column":2},"end":{"line":43,"column":3}},"4":{"start":{"line":42,"column":4},"end":{"line":42,"column":70}},"5":{"start":{"line":45,"column":2},"end":{"line":45,"column":19}},"6":{"start":{"line":54,"column":13},"end":{"line":114,"column":2}},"7":{"start":{"line":60,"column":19},"end":{"line":60,"column":92}},"8":{"start":{"line":69,"column":4},"end":{"line":69,"column":89}},"9":{"start":{"line":80,"column":4},"end":{"line":81,"column":null}},"10":{"start":{"line":84,"column":4},"end":{"line":85,"column":null}},"11":{"start":{"line":88,"column":4},"end":{"line":89,"column":null}},"12":{"start":{"line":92,"column":4},"end":{"line":93,"column":null}},"13":{"start":{"line":96,"column":4},"end":{"line":99,"column":6}},"14":{"start":{"line":101,"column":4},"end":{"line":104,"column":6}},"15":{"start":{"line":106,"column":4},"end":{"line":109,"column":6}},"16":{"start":{"line":111,"column":4},"end":{"line":113,"column":6}}},"fnMap":{"0":{"name":"request","decl":{"start":{"line":30,"column":15},"end":{"line":30,"column":22}},"loc":{"start":{"line":30,"column":58},"end":{"line":46,"column":1}}},"1":{"name":"(anonymous_1)","decl":{"start":{"line":60,"column":13},"end":{"line":60,"column":16}},"loc":{"start":{"line":60,"column":19},"end":{"line":60,"column":92}}},"2":{"name":"(anonymous_2)","decl":{"start":{"line":68,"column":10},"end":{"line":68,"column":11}},"loc":{"start":{"line":69,"column":4},"end":{"line":69,"column":89}}},"3":{"name":"(anonymous_3)","decl":{"start":{"line":79,"column":14},"end":{"line":79,"column":15}},"loc":{"start":{"line":80,"column":4},"end":{"line":81,"column":null}}},"4":{"name":"(anonymous_4)","decl":{"start":{"line":83,"column":11},"end":{"line":83,"column":12}},"loc":{"start":{"line":84,"column":4},"end":{"line":85,"column":null}}},"5":{"name":"(anonymous_5)","decl":{"start":{"line":87,"column":9},"end":{"line":87,"column":10}},"loc":{"start":{"line":88,"column":4},"end":{"line":89,"column":null}}},"6":{"name":"(anonymous_6)","decl":{"start":{"line":91,"column":8},"end":{"line":91,"column":9}},"loc":{"start":{"line":92,"column":4},"end":{"line":93,"column":null}}},"7":{"name":"(anonymous_7)","decl":{"start":{"line":95,"column":9},"end":{"line":95,"column":10}},"loc":{"start":{"line":96,"column":4},"end":{"line":99,"column":6}}},"8":{"name":"(anonymous_8)","decl":{"start":{"line":100,"column":12},"end":{"line":100,"column":13}},"loc":{"start":{"line":101,"column":4},"end":{"line":104,"column":6}}},"9":{"name":"(anonymous_9)","decl":{"start":{"line":105,"column":15},"end":{"line":105,"column":16}},"loc":{"start":{"line":106,"column":4},"end":{"line":109,"column":6}}},"10":{"name":"(anonymous_10)","decl":{"start":{"line":110,"column":6},"end":{"line":110,"column":7}},"loc":{"start":{"line":111,"column":4},"end":{"line":113,"column":6}}}},"branchMap":{"0":{"loc":{"start":{"line":2,"column":2},"end":{"line":2,"column":93}},"type":"binary-expr","locations":[{"start":{"line":2,"column":2},"end":{"line":2,"column":46}},{"start":{"line":2,"column":50},"end":{"line":2,"column":93}}]},"1":{"loc":{"start":{"line":34,"column":10},"end":{"line":34,"column":29}},"type":"binary-expr","locations":[{"start":{"line":34,"column":10},"end":{"line":34,"column":23}},{"start":{"line":34,"column":27},"end":{"line":34,"column":29}}]},"2":{"loc":{"start":{"line":41,"column":2},"end":{"line":43,"column":3}},"type":"if","locations":[{"start":{"line":41,"column":2},"end":{"line":43,"column":3}},{"start":{},"end":{}}]},"3":{"loc":{"start":{"line":42,"column":20},"end":{"line":42,"column":68}},"type":"binary-expr","locations":[{"start":{"line":42,"column":20},"end":{"line":42,"column":31}},{"start":{"line":42,"column":35},"end":{"line":42,"column":48}},{"start":{"line":42,"column":52},"end":{"line":42,"column":68}}]},"4":{"loc":{"start":{"line":79,"column":15},"end":{"line":79,"column":23}},"type":"default-arg","locations":[{"start":{"line":79,"column":22},"end":{"line":79,"column":23}}]},"5":{"loc":{"start":{"line":79,"column":25},"end":{"line":79,"column":35}},"type":"default-arg","locations":[{"start":{"line":79,"column":33},"end":{"line":79,"column":35}}]},"6":{"loc":{"start":{"line":79,"column":37},"end":{"line":79,"column":48}},"type":"default-arg","locations":[{"start":{"line":79,"column":46},"end":{"line":79,"column":48}}]},"7":{"loc":{"start":{"line":83,"column":29},"end":{"line":83,"column":37}},"type":"default-arg","locations":[{"start":{"line":83,"column":36},"end":{"line":83,"column":37}}]},"8":{"loc":{"start":{"line":83,"column":39},"end":{"line":83,"column":49}},"type":"default-arg","locations":[{"start":{"line":83,"column":47},"end":{"line":83,"column":49}}]},"9":{"loc":{"start":{"line":87,"column":25},"end":{"line":87,"column":33}},"type":"default-arg","locations":[{"start":{"line":87,"column":32},"end":{"line":87,"column":33}}]},"10":{"loc":{"start":{"line":87,"column":35},"end":{"line":87,"column":45}},"type":"default-arg","locations":[{"start":{"line":87,"column":43},"end":{"line":87,"column":45}}]},"11":{"loc":{"start":{"line":91,"column":23},"end":{"line":91,"column":31}},"type":"default-arg","locations":[{"start":{"line":91,"column":30},"end":{"line":91,"column":31}}]},"12":{"loc":{"start":{"line":91,"column":33},"end":{"line":91,"column":43}},"type":"default-arg","locations":[{"start":{"line":91,"column":41},"end":{"line":91,"column":43}}]}},"s":{"0":1,"1":6,"2":6,"3":6,"4":1,"5":5,"6":1,"7":4,"8":1,"9":0,"10":0,"11":0,"12":0,"13":1,"14":0,"15":0,"16":0},"f":{"0":6,"1":4,"2":1,"3":0,"4":0,"5":0,"6":0,"7":1,"8":0,"9":0,"10":0},"b":{"0":[1,0],"1":[6,6],"2":[1,5],"3":[1,0,0],"4":[0],"5":[0],"6":[0],"7":[0],"8":[0],"9":[0],"10":[0],"11":[0],"12":[0]}}
,"/Users/anurag/gschauhan/grabvocab-ui/src/data/sampleWords.ts": {"path":"/Users/anurag/gschauhan/grabvocab-ui/src/data/sampleWords.ts","statementMap":{"0":{"start":{"line":20,"column":13},"end":{"line":31,"column":2}},"1":{"start":{"line":33,"column":13},"end":{"line":36,"column":4}},"2":{"start":{"line":33,"column":70},"end":{"line":36,"column":2}},"3":{"start":{"line":38,"column":13},"end":{"line":57,"column":2}},"4":{"start":{"line":59,"column":13},"end":{"line":294,"column":2}},"5":{"start":{"line":296,"column":13},"end":{"line":296,"column":43}}},"fnMap":{"0":{"name":"(anonymous_0)","decl":{"start":{"line":33,"column":55},"end":{"line":33,"column":56}},"loc":{"start":{"line":33,"column":70},"end":{"line":36,"column":2}}}},"branchMap":{},"s":{"0":0,"1":0,"2":0,"3":0,"4":0,"5":0},"f":{"0":0},"b":{}}
,"/Users/anurag/gschauhan/grabvocab-ui/src/styles/appStyles.ts": {"path":"/Users/anurag/gschauhan/grabvocab-ui/src/styles/appStyles.ts","statementMap":{"0":{"start":{"line":1,"column":0},"end":{"line":1,"column":42}},"1":{"start":{"line":3,"column":13},"end":{"line":654,"column":3}}},"fnMap":{},"branchMap":{},"s":{"0":0,"1":0},"f":{},"b":{}}
,"/Users/anurag/gschauhan/grabvocab-ui/src/utils/envConfig.ts": {"path":"/Users/anurag/gschauhan/grabvocab-ui/src/utils/envConfig.ts","statementMap":{"0":{"start":{"line":6,"column":35},"end":{"line":19,"column":1}},"1":{"start":{"line":7,"column":26},"end":{"line":7,"column":54}},"2":{"start":{"line":9,"column":28},"end":{"line":9,"column":30}},"3":{"start":{"line":10,"column":2},"end":{"line":14,"column":3}},"4":{"start":{"line":11,"column":4},"end":{"line":13,"column":5}},"5":{"start":{"line":12,"column":6},"end":{"line":12,"column":24}},"6":{"start":{"line":16,"column":2},"end":{"line":18,"column":3}},"7":{"start":{"line":17,"column":4},"end":{"line":17,"column":85}},"8":{"start":{"line":6,"column":13},"end":{"line":6,"column":35}},"9":{"start":{"line":26,"column":29},"end":{"line":30,"column":1}},"10":{"start":{"line":27,"column":2},"end":{"line":29,"column":4}},"11":{"start":{"line":26,"column":13},"end":{"line":26,"column":29}},"12":{"start":{"line":37,"column":34},"end":{"line":41,"column":2}},"13":{"start":{"line":37,"column":41},"end":{"line":41,"column":2}},"14":{"start":{"line":37,"column":13},"end":{"line":37,"column":34}}},"fnMap":{"0":{"name":"(anonymous_0)","decl":{"start":{"line":6,"column":35},"end":{"line":6,"column":44}},"loc":{"start":{"line":6,"column":46},"end":{"line":19,"column":1}}},"1":{"name":"(anonymous_1)","decl":{"start":{"line":26,"column":29},"end":{"line":26,"column":40}},"loc":{"start":{"line":26,"column":42},"end":{"line":30,"column":1}}},"2":{"name":"(anonymous_2)","decl":{"start":{"line":37,"column":34},"end":{"line":37,"column":37}},"loc":{"start":{"line":37,"column":41},"end":{"line":41,"column":2}}}},"branchMap":{"0":{"loc":{"start":{"line":11,"column":4},"end":{"line":13,"column":5}},"type":"if","locations":[{"start":{"line":11,"column":4},"end":{"line":13,"column":5}},{"start":{},"end":{}}]},"1":{"loc":{"start":{"line":11,"column":8},"end":{"line":11,"column":60}},"type":"binary-expr","locations":[{"start":{"line":11,"column":8},"end":{"line":11,"column":25}},{"start":{"line":11,"column":29},"end":{"line":11,"column":60}}]},"2":{"loc":{"start":{"line":16,"column":2},"end":{"line":18,"column":3}},"type":"if","locations":[{"start":{"line":16,"column":2},"end":{"line":18,"column":3}},{"start":{},"end":{}}]},"3":{"loc":{"start":{"line":28,"column":4},"end":{"line":28,"column":95}},"type":"binary-expr","locations":[{"start":{"line":28,"column":4},"end":{"line":28,"column":48}},{"start":{"line":28,"column":52},"end":{"line":28,"column":95}}]},"4":{"loc":{"start":{"line":38,"column":7},"end":{"line":38,"column":57}},"type":"binary-expr","locations":[{"start":{"line":38,"column":7},"end":{"line":38,"column":51}},{"start":{"line":38,"column":55},"end":{"line":38,"column":57}}]},"5":{"loc":{"start":{"line":39,"column":11},"end":{"line":39,"column":65}},"type":"binary-expr","locations":[{"start":{"line":39,"column":11},"end":{"line":39,"column":59}},{"start":{"line":39,"column":63},"end":{"line":39,"column":65}}]},"6":{"loc":{"start":{"line":40,"column":7},"end":{"line":40,"column":57}},"type":"binary-expr","locations":[{"start":{"line":40,"column":7},"end":{"line":40,"column":51}},{"start":{"line":40,"column":55},"end":{"line":40,"column":57}}]}},"s":{"0":1,"1":2,"2":2,"3":2,"4":2,"5":1,"6":2,"7":1,"8":1,"9":1,"10":1,"11":1,"12":1,"13":0,"14":1},"f":{"0":2,"1":1,"2":0},"b":{"0":[1,1],"1":[2,1],"2":[1,1],"3":[1,0],"4":[0,0],"5":[0,0],"6":[0,0]}}
,"/Users/anurag/gschauhan/grabvocab-ui/src/utils/errorHandler.ts": {"path":"/Users/anurag/gschauhan/grabvocab-ui/src/utils/errorHandler.ts","statementMap":{"0":{"start":{"line":10,"column":4},"end":{"line":10,"column":19}},"1":{"start":{"line":6,"column":11},"end":{"line":6,"column":23}},"2":{"start":{"line":8,"column":11},"end":{"line":8,"column":26}},"3":{"start":{"line":11,"column":4},"end":{"line":11,"column":27}},"4":{"start":{"line":4,"column":0},"end":{"line":4,"column":13}},"5":{"start":{"line":21,"column":30},"end":{"line":33,"column":1}},"6":{"start":{"line":22,"column":2},"end":{"line":24,"column":3}},"7":{"start":{"line":23,"column":4},"end":{"line":23,"column":17}},"8":{"start":{"line":26,"column":2},"end":{"line":29,"column":3}},"9":{"start":{"line":27,"column":4},"end":{"line":27,"column":47}},"10":{"start":{"line":28,"column":4},"end":{"line":28,"column":56}},"11":{"start":{"line":31,"column":2},"end":{"line":31,"column":44}},"12":{"start":{"line":32,"column":2},"end":{"line":32,"column":71}},"13":{"start":{"line":21,"column":13},"end":{"line":21,"column":30}},"14":{"start":{"line":41,"column":24},"end":{"line":48,"column":1}},"15":{"start":{"line":42,"column":17},"end":{"line":42,"column":53}},"16":{"start":{"line":43,"column":2},"end":{"line":47,"column":3}},"17":{"start":{"line":44,"column":4},"end":{"line":44,"column":60}},"18":{"start":{"line":46,"column":4},"end":{"line":46,"column":39}},"19":{"start":{"line":41,"column":13},"end":{"line":41,"column":24}}},"fnMap":{"0":{"name":"(anonymous_0)","decl":{"start":{"line":5,"column":2},"end":{"line":5,"column":null}},"loc":{"start":{"line":8,"column":26},"end":{"line":12,"column":3}}},"1":{"name":"(anonymous_1)","decl":{"start":{"line":21,"column":30},"end":{"line":21,"column":31}},"loc":{"start":{"line":21,"column":59},"end":{"line":33,"column":1}}},"2":{"name":"(anonymous_2)","decl":{"start":{"line":41,"column":24},"end":{"line":41,"column":25}},"loc":{"start":{"line":41,"column":67},"end":{"line":48,"column":1}}}},"branchMap":{"0":{"loc":{"start":{"line":22,"column":2},"end":{"line":24,"column":3}},"type":"if","locations":[{"start":{"line":22,"column":2},"end":{"line":24,"column":3}},{"start":{},"end":{}}]},"1":{"loc":{"start":{"line":26,"column":2},"end":{"line":29,"column":3}},"type":"if","locations":[{"start":{"line":26,"column":2},"end":{"line":29,"column":3}},{"start":{},"end":{}}]},"2":{"loc":{"start":{"line":42,"column":17},"end":{"line":42,"column":53}},"type":"cond-expr","locations":[{"start":{"line":42,"column":27},"end":{"line":42,"column":41}},{"start":{"line":42,"column":44},"end":{"line":42,"column":53}}]},"3":{"loc":{"start":{"line":43,"column":2},"end":{"line":47,"column":3}},"type":"if","locations":[{"start":{"line":43,"column":2},"end":{"line":47,"column":3}},{"start":{"line":45,"column":9},"end":{"line":47,"column":3}}]}},"s":{"0":3,"1":3,"2":3,"3":3,"4":1,"5":1,"6":2,"7":1,"8":1,"9":1,"10":1,"11":0,"12":0,"13":1,"14":1,"15":0,"16":0,"17":0,"18":0,"19":1},"f":{"0":3,"1":2,"2":0},"b":{"0":[1,1],"1":[1,0],"2":[0,0],"3":[0,0]}}
,"/Users/anurag/gschauhan/grabvocab-ui/src/utils/formatDate.ts": {"path":"/Users/anurag/gschauhan/grabvocab-ui/src/utils/formatDate.ts","statementMap":{"0":{"start":{"line":1,"column":0},"end":{"line":1,"column":16}},"1":{"start":{"line":2,"column":2},"end":{"line":4,"column":97}}},"fnMap":{"0":{"name":"formatDate","decl":{"start":{"line":1,"column":16},"end":{"line":1,"column":26}},"loc":{"start":{"line":1,"column":40},"end":{"line":5,"column":1}}}},"branchMap":{"0":{"loc":{"start":{"line":2,"column":9},"end":{"line":4,"column":96}},"type":"cond-expr","locations":[{"start":{"line":3,"column":6},"end":{"line":3,"column":100}},{"start":{"line":4,"column":6},"end":{"line":4,"column":96}}]}},"s":{"0":0,"1":0},"f":{"0":0},"b":{"0":[0,0]}}
}
