TN:
SF:src/config/api.ts
FN:30,request
FN:60,(anonymous_1)
FN:68,(anonymous_2)
FN:79,(anonymous_3)
FN:83,(anonymous_4)
FN:87,(anonymous_5)
FN:91,(anonymous_6)
FN:95,(anonymous_7)
FN:100,(anonymous_8)
FN:105,(anonymous_9)
FN:110,(anonymous_10)
FNF:11
FNH:4
FNDA:6,request
FNDA:4,(anonymous_1)
FNDA:1,(anonymous_2)
FNDA:0,(anonymous_3)
FNDA:0,(anonymous_4)
FNDA:0,(anonymous_5)
FNDA:0,(anonymous_6)
FNDA:1,(anonymous_7)
FNDA:0,(anonymous_8)
FNDA:0,(anonymous_9)
FNDA:0,(anonymous_10)
DA:1,1
DA:31,6
DA:39,6
DA:41,6
DA:42,1
DA:45,5
DA:54,1
DA:60,4
DA:69,1
DA:80,0
DA:84,0
DA:88,0
DA:92,0
DA:96,1
DA:101,0
DA:106,0
DA:111,0
LF:17
LH:10
BRDA:2,0,0,1
BRDA:2,0,1,0
BRDA:34,1,0,6
BRDA:34,1,1,6
BRDA:41,2,0,1
BRDA:41,2,1,5
BRDA:42,3,0,1
BRDA:42,3,1,0
BRDA:42,3,2,0
BRDA:79,4,0,0
BRDA:79,5,0,0
BRDA:79,6,0,0
BRDA:83,7,0,0
BRDA:83,8,0,0
BRDA:87,9,0,0
BRDA:87,10,0,0
BRDA:91,11,0,0
BRDA:91,12,0,0
BRF:18
BRH:6
end_of_record
TN:
SF:src/data/sampleWords.ts
FN:33,(anonymous_0)
FNF:1
FNH:0
FNDA:0,(anonymous_0)
DA:20,0
DA:33,0
DA:38,0
DA:59,0
DA:296,0
LF:5
LH:0
BRF:0
BRH:0
end_of_record
TN:
SF:src/styles/appStyles.ts
FNF:0
FNH:0
DA:1,0
DA:3,0
LF:2
LH:0
BRF:0
BRH:0
end_of_record
TN:
SF:src/utils/envConfig.ts
FN:6,(anonymous_0)
FN:26,(anonymous_1)
FN:37,(anonymous_2)
FNF:3
FNH:2
FNDA:2,(anonymous_0)
FNDA:1,(anonymous_1)
FNDA:0,(anonymous_2)
DA:6,1
DA:7,2
DA:9,2
DA:10,2
DA:11,2
DA:12,1
DA:16,2
DA:17,1
DA:26,1
DA:27,1
DA:37,1
LF:11
LH:11
BRDA:11,0,0,1
BRDA:11,0,1,1
BRDA:11,1,0,2
BRDA:11,1,1,1
BRDA:16,2,0,1
BRDA:16,2,1,1
BRDA:28,3,0,1
BRDA:28,3,1,0
BRDA:38,4,0,0
BRDA:38,4,1,0
BRDA:39,5,0,0
BRDA:39,5,1,0
BRDA:40,6,0,0
BRDA:40,6,1,0
BRF:14
BRH:7
end_of_record
TN:
SF:src/utils/errorHandler.ts
FN:5,(anonymous_0)
FN:21,(anonymous_1)
FN:41,(anonymous_2)
FNF:3
FNH:2
FNDA:3,(anonymous_0)
FNDA:2,(anonymous_1)
FNDA:0,(anonymous_2)
DA:4,1
DA:6,3
DA:8,3
DA:10,3
DA:11,3
DA:21,1
DA:22,2
DA:23,1
DA:26,1
DA:27,1
DA:28,1
DA:31,0
DA:32,0
DA:41,1
DA:42,0
DA:43,0
DA:44,0
DA:46,0
LF:18
LH:12
BRDA:22,0,0,1
BRDA:22,0,1,1
BRDA:26,1,0,1
BRDA:26,1,1,0
BRDA:42,2,0,0
BRDA:42,2,1,0
BRDA:43,3,0,0
BRDA:43,3,1,0
BRF:8
BRH:3
end_of_record
TN:
SF:src/utils/formatDate.ts
FN:1,formatDate
FNF:1
FNH:0
FNDA:0,formatDate
DA:1,0
DA:2,0
LF:2
LH:0
BRDA:2,0,0,0
BRDA:2,0,1,0
BRF:2
BRH:0
end_of_record
